<?xml version="1.0" encoding="UTF-8" ?>
<testsuite failures="0" time="0.007" errors="0" skipped="0" tests="1" name="LightShineComeCore.LightShineComeCoreYxd.AppTest">
  <properties>
    <property name="java.runtime.name" value="Java(TM) SE Runtime Environment"/>
    <property name="sun.boot.library.path" value="C:\Program Files\Java\jdk1.7.0_79\jre\bin"/>
    <property name="java.vm.version" value="24.79-b02"/>
    <property name="java.vm.vendor" value="Oracle Corporation"/>
    <property name="java.vendor.url" value="http://java.oracle.com/"/>
    <property name="path.separator" value=";"/>
    <property name="java.vm.name" value="Java HotSpot(TM) 64-Bit Server VM"/>
    <property name="file.encoding.pkg" value="sun.io"/>
    <property name="user.script" value=""/>
    <property name="user.country" value="CN"/>
    <property name="sun.java.launcher" value="SUN_STANDARD"/>
    <property name="sun.os.patch.level" value="Service Pack 1"/>
    <property name="java.vm.specification.name" value="Java Virtual Machine Specification"/>
    <property name="user.dir" value="F:\mye10\rotegamegitcode\disyxd\disyxd\LightShineComeCoreYxd"/>
    <property name="java.runtime.version" value="1.7.0_79-b15"/>
    <property name="java.awt.graphicsenv" value="sun.awt.Win32GraphicsEnvironment"/>
    <property name="basedir" value="F:\mye10\rotegamegitcode\disyxd\disyxd\LightShineComeCoreYxd"/>
    <property name="java.endorsed.dirs" value="C:\Program Files\Java\jdk1.7.0_79\jre\lib\endorsed"/>
    <property name="os.arch" value="amd64"/>
    <property name="surefire.real.class.path" value="F:\mye10\rotegamegitcode\disyxd\disyxd\LightShineComeCoreYxd\target\surefire\surefirebooter7539916052388672114.jar"/>
    <property name="java.io.tmpdir" value="C:\Users\ADMINI~1\AppData\Local\Temp\"/>
    <property name="line.separator" value="
"/>
    <property name="java.vm.specification.vendor" value="Oracle Corporation"/>
    <property name="user.variant" value=""/>
    <property name="os.name" value="Windows 7"/>
    <property name="sun.jnu.encoding" value="GBK"/>
    <property name="java.library.path" value="C:\Program Files\Java\jdk1.7.0_79\jre\bin;C:\Windows\Sun\Java\bin;C:\Windows\system32;C:\Windows;C:\Program Files\Java\jdk1.7.0_79\bin;C:\Program Files\Java\jdk1.7.0_79\jre\bin;D:\yxd\tool\work\developer\apache-maven-3.3.3\bin;D:\yxd\tool\svn\path\bin;D:\yxd\tool\ant\apache-ant-1.9.7-bin\apache-ant-1.9.7\bin;F:\nexus\nexus-3.0.1-01-win64\nexus-3.0.1-01\bin;;."/>
    <property name="surefire.test.class.path" value="F:\mye10\rotegamegitcode\disyxd\disyxd\LightShineComeCoreYxd\target\test-classes;F:\mye10\rotegamegitcode\disyxd\disyxd\LightShineComeCoreYxd\target\classes;F:\mavenp\log4j\log4j\1.2.17\log4j-1.2.17.jar;F:\mavenp\org\slf4j\slf4j-api\1.7.21\slf4j-api-1.7.21.jar;F:\mavenp\org\springframework\spring-context\4.3.1.RELEASE\spring-context-4.3.1.RELEASE.jar;F:\mavenp\org\springframework\spring-aop\4.3.1.RELEASE\spring-aop-4.3.1.RELEASE.jar;F:\mavenp\org\springframework\spring-core\4.3.1.RELEASE\spring-core-4.3.1.RELEASE.jar;F:\mavenp\commons-logging\commons-logging\1.2\commons-logging-1.2.jar;F:\mavenp\org\springframework\spring-expression\4.3.1.RELEASE\spring-expression-4.3.1.RELEASE.jar;F:\mavenp\org\springframework\spring-beans\4.3.1.RELEASE\spring-beans-4.3.1.RELEASE.jar;F:\mavenp\org\mybatis\mybatis\3.4.1\mybatis-3.4.1.jar;F:\mavenp\org\mybatis\mybatis-spring\1.3.0\mybatis-spring-1.3.0.jar;F:\mavenp\org\springframework\spring-tx\4.3.1.RELEASE\spring-tx-4.3.1.RELEASE.jar;F:\mavenp\org\springframework\spring-jdbc\4.3.1.RELEASE\spring-jdbc-4.3.1.RELEASE.jar;F:\mavenp\com\alibaba\dubbo\2.5.3\dubbo-2.5.3.jar;F:\mavenp\org\springframework\spring\2.5.6.SEC03\spring-2.5.6.SEC03.jar;F:\mavenp\org\javassist\javassist\3.15.0-GA\javassist-3.15.0-GA.jar;F:\mavenp\org\jboss\netty\netty\3.2.5.Final\netty-3.2.5.Final.jar;F:\mavenp\javax\servlet\javax.servlet-api\3.1.0\javax.servlet-api-3.1.0.jar;F:\mavenp\com\alibaba\fastjson\1.2.7\fastjson-1.2.7.jar;F:\mavenp\org\aspectj\aspectjrt\1.8.9\aspectjrt-1.8.9.jar;F:\mavenp\junit\junit\3.8.1\junit-3.8.1.jar;"/>
    <property name="java.specification.name" value="Java Platform API Specification"/>
    <property name="java.class.version" value="51.0"/>
    <property name="sun.management.compiler" value="HotSpot 64-Bit Tiered Compilers"/>
    <property name="os.version" value="6.1"/>
    <property name="user.home" value="C:\Users\Administrator"/>
    <property name="user.timezone" value=""/>
    <property name="java.awt.printerjob" value="sun.awt.windows.WPrinterJob"/>
    <property name="java.specification.version" value="1.7"/>
    <property name="file.encoding" value="GBK"/>
    <property name="user.name" value="Administrator"/>
    <property name="java.class.path" value="F:\mye10\rotegamegitcode\disyxd\disyxd\LightShineComeCoreYxd\target\test-classes;F:\mye10\rotegamegitcode\disyxd\disyxd\LightShineComeCoreYxd\target\classes;F:\mavenp\log4j\log4j\1.2.17\log4j-1.2.17.jar;F:\mavenp\org\slf4j\slf4j-api\1.7.21\slf4j-api-1.7.21.jar;F:\mavenp\org\springframework\spring-context\4.3.1.RELEASE\spring-context-4.3.1.RELEASE.jar;F:\mavenp\org\springframework\spring-aop\4.3.1.RELEASE\spring-aop-4.3.1.RELEASE.jar;F:\mavenp\org\springframework\spring-core\4.3.1.RELEASE\spring-core-4.3.1.RELEASE.jar;F:\mavenp\commons-logging\commons-logging\1.2\commons-logging-1.2.jar;F:\mavenp\org\springframework\spring-expression\4.3.1.RELEASE\spring-expression-4.3.1.RELEASE.jar;F:\mavenp\org\springframework\spring-beans\4.3.1.RELEASE\spring-beans-4.3.1.RELEASE.jar;F:\mavenp\org\mybatis\mybatis\3.4.1\mybatis-3.4.1.jar;F:\mavenp\org\mybatis\mybatis-spring\1.3.0\mybatis-spring-1.3.0.jar;F:\mavenp\org\springframework\spring-tx\4.3.1.RELEASE\spring-tx-4.3.1.RELEASE.jar;F:\mavenp\org\springframework\spring-jdbc\4.3.1.RELEASE\spring-jdbc-4.3.1.RELEASE.jar;F:\mavenp\com\alibaba\dubbo\2.5.3\dubbo-2.5.3.jar;F:\mavenp\org\springframework\spring\2.5.6.SEC03\spring-2.5.6.SEC03.jar;F:\mavenp\org\javassist\javassist\3.15.0-GA\javassist-3.15.0-GA.jar;F:\mavenp\org\jboss\netty\netty\3.2.5.Final\netty-3.2.5.Final.jar;F:\mavenp\javax\servlet\javax.servlet-api\3.1.0\javax.servlet-api-3.1.0.jar;F:\mavenp\com\alibaba\fastjson\1.2.7\fastjson-1.2.7.jar;F:\mavenp\org\aspectj\aspectjrt\1.8.9\aspectjrt-1.8.9.jar;F:\mavenp\junit\junit\3.8.1\junit-3.8.1.jar;"/>
    <property name="java.vm.specification.version" value="1.7"/>
    <property name="sun.arch.data.model" value="64"/>
    <property name="java.home" value="C:\Program Files\Java\jdk1.7.0_79\jre"/>
    <property name="sun.java.command" value="F:\mye10\rotegamegitcode\disyxd\disyxd\LightShineComeCoreYxd\target\surefire\surefirebooter7539916052388672114.jar F:\mye10\rotegamegitcode\disyxd\disyxd\LightShineComeCoreYxd\target\surefire\surefire5951367895888637599tmp F:\mye10\rotegamegitcode\disyxd\disyxd\LightShineComeCoreYxd\target\surefire\surefire1283066729133748105tmp"/>
    <property name="java.specification.vendor" value="Oracle Corporation"/>
    <property name="user.language" value="zh"/>
    <property name="awt.toolkit" value="sun.awt.windows.WToolkit"/>
    <property name="java.vm.info" value="mixed mode"/>
    <property name="java.version" value="1.7.0_79"/>
    <property name="java.ext.dirs" value="C:\Program Files\Java\jdk1.7.0_79\jre\lib\ext;C:\Windows\Sun\Java\lib\ext"/>
    <property name="sun.boot.class.path" value="C:\Program Files\Java\jdk1.7.0_79\jre\lib\resources.jar;C:\Program Files\Java\jdk1.7.0_79\jre\lib\rt.jar;C:\Program Files\Java\jdk1.7.0_79\jre\lib\sunrsasign.jar;C:\Program Files\Java\jdk1.7.0_79\jre\lib\jsse.jar;C:\Program Files\Java\jdk1.7.0_79\jre\lib\jce.jar;C:\Program Files\Java\jdk1.7.0_79\jre\lib\charsets.jar;C:\Program Files\Java\jdk1.7.0_79\jre\lib\jfr.jar;C:\Program Files\Java\jdk1.7.0_79\jre\classes"/>
    <property name="java.vendor" value="Oracle Corporation"/>
    <property name="localRepository" value="F:\mavenp"/>
    <property name="file.separator" value="\"/>
    <property name="java.vendor.url.bug" value="http://bugreport.sun.com/bugreport/"/>
    <property name="sun.cpu.endian" value="little"/>
    <property name="sun.io.unicode.encoding" value="UnicodeLittle"/>
    <property name="sun.desktop" value="windows"/>
    <property name="sun.cpu.isalist" value="amd64"/>
  </properties>
  <testcase time="0.001" classname="LightShineComeCore.LightShineComeCoreYxd.AppTest" name="testApp"/>
</testsuite>